<?xml version="1.0" encoding="UTF-8"?>
<!-- Generated by org.testng.reporters.JUnitXMLReporter -->
<testsuite ignored="0" hostname="auriga-Latitude-E7470" failures="1" tests="1" name="AppTest 2" time="3.091" errors="0" timestamp="2023-05-11T01:34:15 IST">
  <testcase classname="com.SfcApp.testcase.AppLogin" name="login" time="3.018">
    <failure type="java.lang.NullPointerException" message="Cannot invoke &amp;quot;io.appium.java_client.AppiumDriver.findElementById(String)&amp;quot; because &amp;quot;com.SfcApp.testcase.AppLogin.driver&amp;quot; is null">
      <![CDATA[java.lang.NullPointerException: Cannot invoke "io.appium.java_client.AppiumDriver.findElementById(String)" because "com.SfcApp.testcase.AppLogin.driver" is null
at com.SfcApp.testcase.AppLogin.login(AppLogin.java:32)
at java.base/java.util.ArrayList.forEach(ArrayList.java:1511)
at java.base/java.util.concurrent.FutureTask.run(FutureTask.java:264)
at java.base/java.util.concurrent.ThreadPoolExecutor.runWorker(ThreadPoolExecutor.java:1136)
at java.base/java.util.concurrent.ThreadPoolExecutor$Worker.run(ThreadPoolExecutor.java:635)
at java.base/java.lang.Thread.run(Thread.java:833)
... Removed 16 stack frames]]>
    </failure>
  </testcase> <!-- login -->
</testsuite> <!-- AppTest 2 -->
