<?xml version="1.0" encoding="UTF-8"?>
<!-- Generated by org.testng.reporters.JUnitXMLReporter -->
<testsuite ignored="0" hostname="auriga-Latitude-E7470" failures="0" tests="13" name="SFCAPP" time="384.361" errors="0" timestamp="2023-08-29T13:42:51 IST">
  <testcase classname="com.SfcApp.testcase.Maintenance" name="login" time="26.635"/>
  <testcase classname="com.SfcApp.testcase.Maintenance" name="OnDemandReportError" time="64.084"/>
  <testcase classname="com.SfcApp.testcase.Maintenance" name="LogoutSupervisor" time="4.146"/>
  <testcase classname="com.SfcApp.testcase.Maintenance" name="LoginMechanic" time="17.644"/>
  <testcase classname="com.SfcApp.testcase.Maintenance" name="DisposeMachine" time="60.217"/>
  <testcase classname="com.SfcApp.testcase.Maintenance" name="WebVerifiedMachineDispose" time="23.863"/>
  <testcase classname="com.SfcApp.testcase.Maintenance" name="LogoutMechanic" time="6.337"/>
  <testcase classname="com.SfcApp.testcase.Maintenance" name="LoginAgainSupervisor" time="13.64"/>
  <testcase classname="com.SfcApp.testcase.Maintenance" name="ReportError" time="60.397"/>
  <testcase classname="com.SfcApp.testcase.Maintenance" name="AgainLogoutSupervisor" time="3.908"/>
  <testcase classname="com.SfcApp.testcase.Maintenance" name="AgainLoginMechanic" time="19.484"/>
  <testcase classname="com.SfcApp.testcase.Maintenance" name="ReplaceMachine" time="56.661"/>
  <testcase classname="com.SfcApp.testcase.Maintenance" name="WebVerifiedMachineReplace" time="20.578"/>
</testsuite> <!-- SFCAPP -->
